1515336713958	geckodriver	INFO	geckodriver 0.19.1
1515336713961	geckodriver	INFO	Listening on 127.0.0.1:60947
1515336714936	mozrunner::runner	INFO	Running command: "/usr/bin/firefox" "-marionette" "-profile" "/tmp/rust_mozprofile.o98g1BQUUYop"
1515336715838	Marionette	INFO	Listening on port 2828
1515336760052	geckodriver	INFO	geckodriver 0.19.1
1515336760073	geckodriver	INFO	Listening on 127.0.0.1:33486
1515336761179	mozrunner::runner	INFO	Running command: "/usr/bin/firefox" "-marionette" "-profile" "/tmp/rust_mozprofile.opoXsDbNLpmH"
1515336761978	Marionette	INFO	Listening on port 2828
1515336799311	geckodriver	INFO	geckodriver 0.19.1
1515336799314	geckodriver	INFO	Listening on 127.0.0.1:35783
1515336800430	mozrunner::runner	INFO	Running command: "/usr/bin/firefox" "-marionette" "-profile" "/tmp/rust_mozprofile.1qbMso0MsmOZ"
1515336801183	Marionette	INFO	Listening on port 2828
1515336844397	geckodriver	INFO	geckodriver 0.19.1
1515336844421	geckodriver	INFO	Listening on 127.0.0.1:43836
1515336845055	mozrunner::runner	INFO	Running command: "/usr/bin/firefox" "-marionette" "-profile" "/tmp/rust_mozprofile.1PtVGdAI3177"
1515336845886	Marionette	INFO	Listening on port 2828
1515337037353	geckodriver	INFO	geckodriver 0.19.1
1515337037356	geckodriver	INFO	Listening on 127.0.0.1:45593
1515337038470	mozrunner::runner	INFO	Running command: "/usr/bin/firefox" "-marionette" "-profile" "/tmp/rust_mozprofile.RZ4ujbXd1zku"
1515337039182	Marionette	ERROR	Error on starting server: [Exception... "Component returned failure code: 0x804b0036 (NS_ERROR_SOCKET_ADDRESS_IN_USE) [nsIServerSocket.initSpecialConnection]"  nsresult: "0x804b0036 (NS_ERROR_SOCKET_ADDRESS_IN_USE)"  location: "JS frame :: chrome://marionette/content/server.js :: MarionetteServer.prototype.start :: line 95"  data: no]
[Exception... "Component returned failure code: 0x804b0036 (NS_ERROR_SOCKET_ADDRESS_IN_USE) [nsIServerSocket.initSpecialConnection]"  nsresult: "0x804b0036 (NS_ERROR_SOCKET_ADDRESS_IN_USE)"  location: "JS frame :: chrome://marionette/content/server.js :: MarionetteServer.prototype.start :: line 95"  data: no]
MarionetteServer.prototype.start@chrome://marionette/content/server.js:95:19
MarionetteComponent.prototype.init@resource://gre/components/marionette.js:217:5
MarionetteComponent.prototype.handle@resource://gre/components/marionette.js:112:5


(file-roller:9294): Gtk-WARNING **: Allocating size to GtkScrolledWindow 0x267ed40 without calling gtk_widget_get_preferred_width/height(). How does the code know the size to allocate?
*************************
A coding exception was thrown and uncaught in a Task.

Full message: TypeError: NetworkError when attempting to fetch resource.
Full stack: 
*************************
1515337740705	geckodriver	INFO	geckodriver 0.19.1
1515337740730	geckodriver	INFO	Listening on 127.0.0.1:39649
1515337741394	mozrunner::runner	INFO	Running command: "/usr/bin/firefox" "-marionette" "-profile" "/tmp/rust_mozprofile.Ku6KBqnYAymw"
1515337742827	Marionette	INFO	Listening on port 2828
1515337756852	geckodriver	INFO	geckodriver 0.19.1
1515337756855	geckodriver	INFO	Listening on 127.0.0.1:41158
1515337758006	mozrunner::runner	INFO	Running command: "/usr/bin/firefox" "-marionette" "-profile" "/tmp/rust_mozprofile.uBszA0SCVha1"
1515337758842	Marionette	INFO	Listening on port 2828
1515337891856	geckodriver	INFO	geckodriver 0.19.1
1515337891860	geckodriver	INFO	Listening on 127.0.0.1:41221
1515337891984	mozrunner::runner	INFO	Running command: "/usr/bin/firefox" "-marionette" "-profile" "/tmp/rust_mozprofile.7CSEOtmz9450"
1515337892762	Marionette	INFO	Listening on port 2828
1515338253858	geckodriver	INFO	geckodriver 0.19.1
1515338253860	geckodriver	INFO	Listening on 127.0.0.1:59719
1515338255040	mozrunner::runner	INFO	Running command: "/usr/bin/firefox" "-marionette" "-profile" "/tmp/rust_mozprofile.pvNpNukkcxNx"
1515338255779	Marionette	INFO	Listening on port 2828
1515338468500	geckodriver	INFO	geckodriver 0.19.1
1515338468503	geckodriver	INFO	Listening on 127.0.0.1:51423
1515338469648	mozrunner::runner	INFO	Running command: "/usr/bin/firefox" "-marionette" "-profile" "/tmp/rust_mozprofile.xFsKYm1eVByB"
1515338470403	Marionette	INFO	Listening on port 2828
1515338655502	geckodriver	INFO	geckodriver 0.19.1
1515338655504	geckodriver	INFO	Listening on 127.0.0.1:40906
1515338656607	mozrunner::runner	INFO	Running command: "/usr/bin/firefox" "-marionette" "-profile" "/tmp/rust_mozprofile.OFKqHyznz899"
1515338656877	addons.manager	DEBUG	Application has been upgraded
1515338656965	addons.manager	DEBUG	Loaded provider scope for resource://gre/modules/addons/XPIProvider.jsm: ["XPIProvider"]
1515338656967	addons.manager	DEBUG	Loaded provider scope for resource://gre/modules/LightweightThemeManager.jsm: ["LightweightThemeManager"]
1515338656969	addons.manager	DEBUG	Loaded provider scope for resource://gre/modules/addons/GMPProvider.jsm
1515338656971	addons.manager	DEBUG	Loaded provider scope for resource://gre/modules/addons/PluginProvider.jsm
1515338656971	addons.manager	DEBUG	Starting provider: XPIProvider
1515338656972	addons.xpi	DEBUG	startup
1515338656972	addons.xpi	INFO	SystemAddonInstallLocation directory is missing
1515338656973	addons.xpi	INFO	Mapping aushelper@mozilla.org to /usr/lib64/firefox/browser/features/aushelper@mozilla.org.xpi
1515338656973	addons.xpi	INFO	Mapping e10srollout@mozilla.org to /usr/lib64/firefox/browser/features/e10srollout@mozilla.org.xpi
1515338656973	addons.xpi	INFO	Mapping firefox@getpocket.com to /usr/lib64/firefox/browser/features/firefox@getpocket.com.xpi
1515338656973	addons.xpi	INFO	Mapping webcompat@mozilla.org to /usr/lib64/firefox/browser/features/webcompat@mozilla.org.xpi
1515338656974	addons.xpi	INFO	Mapping {972ce4c6-7e08-4474-a285-3208198ce6fd} to /usr/lib64/firefox/browser/extensions/{972ce4c6-7e08-4474-a285-3208198ce6fd}.xpi
1515338656974	addons.xpi	DEBUG	checkForChanges
1515338656974	addons.xpi	INFO	SystemAddonInstallLocation directory is missing
1515338656974	addons.xpi	DEBUG	Loaded add-on state from prefs: {}
1515338656975	addons.xpi	DEBUG	New add-on aushelper@mozilla.org in app-system-defaults
1515338656976	addons.xpi	DEBUG	getModTime: Recursive scan of aushelper@mozilla.org
1515338656976	addons.xpi	DEBUG	New add-on e10srollout@mozilla.org in app-system-defaults
1515338656976	addons.xpi	DEBUG	getModTime: Recursive scan of e10srollout@mozilla.org
1515338656977	addons.xpi	DEBUG	New add-on firefox@getpocket.com in app-system-defaults
1515338656977	addons.xpi	DEBUG	getModTime: Recursive scan of firefox@getpocket.com
1515338656977	addons.xpi	DEBUG	New add-on webcompat@mozilla.org in app-system-defaults
1515338656977	addons.xpi	DEBUG	getModTime: Recursive scan of webcompat@mozilla.org
1515338656978	addons.xpi	DEBUG	New add-on {972ce4c6-7e08-4474-a285-3208198ce6fd} in app-global
1515338656978	addons.xpi	DEBUG	getModTime: Recursive scan of {972ce4c6-7e08-4474-a285-3208198ce6fd}
1515338656978	addons.xpi	DEBUG	getInstallState changed: true, state: {"app-system-defaults":{"aushelper@mozilla.org":{"d":"/usr/lib64/firefox/browser/features/aushelper@mozilla.org.xpi","st":1512486044000},"e10srollout@mozilla.org":{"d":"/usr/lib64/firefox/browser/features/e10srollout@mozilla.org.xpi","st":1512486044000},"firefox@getpocket.com":{"d":"/usr/lib64/firefox/browser/features/firefox@getpocket.com.xpi","st":1512486044000},"webcompat@mozilla.org":{"d":"/usr/lib64/firefox/browser/features/webcompat@mozilla.org.xpi","st":1512486044000}},"app-global":{"{972ce4c6-7e08-4474-a285-3208198ce6fd}":{"d":"/usr/lib64/firefox/browser/extensions/{972ce4c6-7e08-4474-a285-3208198ce6fd}.xpi","st":1512486044000}}}
1515338656983	addons.xpi-utils	DEBUG	Opening XPI database /tmp/rust_mozprofile.OFKqHyznz899/extensions.json
1515338656984	addons.xpi-utils	DEBUG	New add-on aushelper@mozilla.org installed in app-system-defaults
*** Blocklist::_loadBlocklistFromFile: blocklist is disabled
1515338656991	DeferredSave.extensions.json	DEBUG	Save changes
1515338656991	addons.xpi-utils	DEBUG	New add-on e10srollout@mozilla.org installed in app-system-defaults
1515338656994	DeferredSave.extensions.json	DEBUG	Starting timer
1515338656995	DeferredSave.extensions.json	DEBUG	Save changes
1515338656995	addons.xpi-utils	DEBUG	New add-on firefox@getpocket.com installed in app-system-defaults
1515338657000	DeferredSave.extensions.json	DEBUG	Save changes
1515338657000	addons.xpi-utils	DEBUG	New add-on webcompat@mozilla.org installed in app-system-defaults
1515338657003	DeferredSave.extensions.json	DEBUG	Save changes
1515338657004	addons.xpi-utils	DEBUG	New add-on {972ce4c6-7e08-4474-a285-3208198ce6fd} installed in app-global
1515338657006	DeferredSave.extensions.json	DEBUG	Save changes
1515338657007	addons.manager	DEBUG	Registering startup change 'installed' for aushelper@mozilla.org
1515338657007	addons.xpi	DEBUG	Loading bootstrap scope from /usr/lib64/firefox/browser/features/aushelper@mozilla.org.xpi
1515338657010	addons.xpi	DEBUG	Calling bootstrap method install on aushelper@mozilla.org version 2.0
1515338657010	addons.xpi-utils	DEBUG	Make addon app-system-defaults:aushelper@mozilla.org visible
1515338657010	DeferredSave.extensions.json	DEBUG	Save changes
1515338657011	addons.manager	DEBUG	Registering startup change 'installed' for e10srollout@mozilla.org
1515338657011	addons.xpi	DEBUG	Loading bootstrap scope from /usr/lib64/firefox/browser/features/e10srollout@mozilla.org.xpi
1515338657012	addons.xpi	DEBUG	Calling bootstrap method install on e10srollout@mozilla.org version 1.10
1515338657014	addons.xpi-utils	DEBUG	Make addon app-system-defaults:e10srollout@mozilla.org visible
1515338657014	DeferredSave.extensions.json	DEBUG	Save changes
1515338657014	addons.manager	DEBUG	Registering startup change 'installed' for firefox@getpocket.com
1515338657015	addons.xpi	DEBUG	Loading bootstrap scope from /usr/lib64/firefox/browser/features/firefox@getpocket.com.xpi
1515338657017	addons.xpi	DEBUG	Calling bootstrap method install on firefox@getpocket.com version 1.0.5
1515338657017	addons.xpi-utils	DEBUG	Make addon app-system-defaults:firefox@getpocket.com visible
1515338657017	DeferredSave.extensions.json	DEBUG	Save changes
1515338657018	addons.manager	DEBUG	Registering startup change 'installed' for webcompat@mozilla.org
1515338657018	addons.xpi	DEBUG	Loading bootstrap scope from /usr/lib64/firefox/browser/features/webcompat@mozilla.org.xpi
1515338657019	addons.xpi	DEBUG	Calling bootstrap method install on webcompat@mozilla.org version 1.0
1515338657019	addons.xpi-utils	DEBUG	Make addon app-system-defaults:webcompat@mozilla.org visible
1515338657019	DeferredSave.extensions.json	DEBUG	Save changes
1515338657019	addons.xpi-utils	DEBUG	Make addon app-global:{972ce4c6-7e08-4474-a285-3208198ce6fd} visible
1515338657019	DeferredSave.extensions.json	DEBUG	Save changes
1515338657020	addons.xpi	DEBUG	Updating XPIState for {"id":"aushelper@mozilla.org","syncGUID":"{3aa6906b-f652-4bc0-9fe5-3889630c5795}","location":"app-system-defaults","version":"2.0","type":"extension","internalName":null,"updateURL":null,"updateKey":null,"optionsURL":null,"optionsType":null,"aboutURL":null,"icons":{},"iconURL":null,"icon64URL":null,"defaultLocale":{"name":"Application Update Service Helper","description":"Sets value(s) in the update url based on custom checks.","creator":null,"homepageURL":null},"visible":true,"active":true,"userDisabled":false,"appDisabled":false,"descriptor":"/usr/lib64/firefox/browser/features/aushelper@mozilla.org.xpi","installDate":1512486044000,"updateDate":1512486044000,"applyBackgroundUpdates":1,"bootstrap":true,"skinnable":false,"size":8488,"sourceURI":null,"releaseNotesURI":null,"softDisabled":false,"foreignInstall":false,"hasBinaryComponents":false,"strictCompatibility":false,"locales":[],"targetApplications":[{"id":"{ec8030f7-c20a-464f-9b0e-13a3a9e97384}","minVersion":"52.5.1","maxVersion":"52.*"}],"targetPlatforms":[],"multiprocessCompatible":true,"seen":true,"dependencies":[],"hasEmbeddedWebExtension":false,"mpcOptedOut":false}
1515338657020	addons.xpi	DEBUG	getModTime: Recursive scan of aushelper@mozilla.org
1515338657020	addons.xpi	DEBUG	Updating XPIState for {"id":"e10srollout@mozilla.org","syncGUID":"{5c752098-9e36-4b49-a7ab-ab7c6cbe988b}","location":"app-system-defaults","version":"1.10","type":"extension","internalName":null,"updateURL":null,"updateKey":null,"optionsURL":null,"optionsType":null,"aboutURL":null,"icons":{},"iconURL":null,"icon64URL":null,"defaultLocale":{"name":"Multi-process staged rollout","description":"Staged rollout of Firefox multi-process feature.","creator":null,"homepageURL":null},"visible":true,"active":true,"userDisabled":false,"appDisabled":false,"descriptor":"/usr/lib64/firefox/browser/features/e10srollout@mozilla.org.xpi","installDate":1512486044000,"updateDate":1512486044000,"applyBackgroundUpdates":1,"bootstrap":true,"skinnable":false,"size":8145,"sourceURI":null,"releaseNotesURI":null,"softDisabled":false,"foreignInstall":false,"hasBinaryComponents":false,"strictCompatibility":false,"locales":[],"targetApplications":[{"id":"{ec8030f7-c20a-464f-9b0e-13a3a9e97384}","minVersion":"52.5.1","maxVersion":"52.*"}],"targetPlatforms":[],"multiprocessCompatible":true,"seen":true,"dependencies":[],"hasEmbeddedWebExtension":false,"mpcOptedOut":false}
1515338657020	addons.xpi	DEBUG	getModTime: Recursive scan of e10srollout@mozilla.org
1515338657020	addons.xpi	DEBUG	Updating XPIState for {"id":"firefox@getpocket.com","syncGUID":"{823826db-0bff-468f-af6c-6df50fb5b68b}","location":"app-system-defaults","version":"1.0.5","type":"extension","internalName":null,"updateURL":null,"updateKey":null,"optionsURL":null,"optionsType":null,"aboutURL":null,"icons":{},"iconURL":null,"icon64URL":null,"defaultLocale":{"name":"Pocket","description":"When you find something you want to view later, put it in Pocket.","creator":null,"homepageURL":null},"visible":true,"active":true,"userDisabled":false,"appDisabled":false,"descriptor":"/usr/lib64/firefox/browser/features/firefox@getpocket.com.xpi","installDate":1512486044000,"updateDate":1512486044000,"applyBackgroundUpdates":1,"bootstrap":true,"skinnable":false,"size":920281,"sourceURI":null,"releaseNotesURI":null,"softDisabled":false,"foreignInstall":false,"hasBinaryComponents":false,"strictCompatibility":false,"locales":[],"targetApplications":[{"id":"{ec8030f7-c20a-464f-9b0e-13a3a9e97384}","minVersion":"52.5.1","maxVersion":"52.*"}],"targetPlatforms":[],"multiprocessCompatible":true,"seen":true,"dependencies":[],"hasEmbeddedWebExtension":false,"mpcOptedOut":false}
1515338657021	addons.xpi	DEBUG	getModTime: Recursive scan of firefox@getpocket.com
1515338657021	addons.xpi	DEBUG	Updating XPIState for {"id":"webcompat@mozilla.org","syncGUID":"{ebfa30ec-f96e-44e4-b03c-1e2146ac58e8}","location":"app-system-defaults","version":"1.0","type":"extension","internalName":null,"updateURL":null,"updateKey":null,"optionsURL":null,"optionsType":null,"aboutURL":null,"icons":{},"iconURL":null,"icon64URL":null,"defaultLocale":{"name":"Web Compat","description":"Urgent post-release fixes for web compatibility.","creator":null,"homepageURL":null},"visible":true,"active":true,"userDisabled":false,"appDisabled":false,"descriptor":"/usr/lib64/firefox/browser/features/webcompat@mozilla.org.xpi","installDate":1512486044000,"updateDate":1512486044000,"applyBackgroundUpdates":1,"bootstrap":true,"skinnable":false,"size":1456,"sourceURI":null,"releaseNotesURI":null,"softDisabled":false,"foreignInstall":false,"hasBinaryComponents":false,"strictCompatibility":false,"locales":[],"targetApplications":[{"id":"{ec8030f7-c20a-464f-9b0e-13a3a9e97384}","minVersion":"52.5.1","maxVersion":"52.*"}],"targetPlatforms":[],"multiprocessCompatible":true,"seen":true,"dependencies":[],"hasEmbeddedWebExtension":false,"mpcOptedOut":false}
1515338657021	addons.xpi	DEBUG	getModTime: Recursive scan of webcompat@mozilla.org
1515338657021	addons.xpi	DEBUG	Updating XPIState for {"id":"{972ce4c6-7e08-4474-a285-3208198ce6fd}","syncGUID":"{5b079fc0-109e-4fed-92bb-502379f3abd2}","location":"app-global","version":"52.5.1","type":"theme","internalName":"classic/1.0","updateURL":null,"updateKey":null,"optionsURL":null,"optionsType":null,"aboutURL":null,"icons":{"32":"icon.png","48":"icon.png"},"iconURL":null,"icon64URL":null,"defaultLocale":{"name":"Default","description":"The default theme.","creator":"Mozilla","homepageURL":null,"contributors":["Mozilla Contributors"]},"visible":true,"active":true,"userDisabled":false,"appDisabled":false,"descriptor":"/usr/lib64/firefox/browser/extensions/{972ce4c6-7e08-4474-a285-3208198ce6fd}.xpi","installDate":1512486044000,"updateDate":1512486044000,"applyBackgroundUpdates":1,"skinnable":true,"size":4932,"sourceURI":null,"releaseNotesURI":null,"softDisabled":false,"foreignInstall":false,"hasBinaryComponents":false,"strictCompatibility":true,"locales":[],"targetApplications":[{"id":"{ec8030f7-c20a-464f-9b0e-13a3a9e97384}","minVersion":"52.5.1","maxVersion":"52.5.1"}],"targetPlatforms":[],"seen":true,"dependencies":[],"hasEmbeddedWebExtension":false}
1515338657021	addons.xpi	DEBUG	getModTime: Recursive scan of {972ce4c6-7e08-4474-a285-3208198ce6fd}
1515338657022	DeferredSave.extensions.json	DEBUG	Save changes
1515338657022	addons.xpi	DEBUG	Updating database with changes to installed add-ons
1515338657022	addons.xpi-utils	DEBUG	Updating add-on states
1515338657023	addons.xpi-utils	DEBUG	Writing add-ons list
1515338657024	addons.xpi	DEBUG	Registering manifest for /usr/lib64/firefox/browser/features/aushelper@mozilla.org.xpi
1515338657024	addons.xpi	DEBUG	Calling bootstrap method startup on aushelper@mozilla.org version 2.0
1515338657025	addons.xpi	DEBUG	Registering manifest for /usr/lib64/firefox/browser/features/e10srollout@mozilla.org.xpi
1515338657025	addons.xpi	DEBUG	Calling bootstrap method startup on e10srollout@mozilla.org version 1.10
1515338657025	addons.xpi	DEBUG	Registering manifest for /usr/lib64/firefox/browser/features/firefox@getpocket.com.xpi
1515338657026	addons.xpi	DEBUG	Calling bootstrap method startup on firefox@getpocket.com version 1.0.5
1515338657028	addons.xpi	DEBUG	Registering manifest for /usr/lib64/firefox/browser/features/webcompat@mozilla.org.xpi
1515338657028	addons.xpi	DEBUG	Calling bootstrap method startup on webcompat@mozilla.org version 1.0
1515338657030	addons.manager	DEBUG	Registering shutdown blocker for XPIProvider
1515338657030	addons.manager	DEBUG	Provider finished startup: XPIProvider
1515338657030	addons.manager	DEBUG	Starting provider: LightweightThemeManager
1515338657030	addons.manager	DEBUG	Registering shutdown blocker for LightweightThemeManager
1515338657030	addons.manager	DEBUG	Provider finished startup: LightweightThemeManager
1515338657030	addons.manager	DEBUG	Starting provider: GMPProvider
1515338657040	addons.manager	DEBUG	Registering shutdown blocker for GMPProvider
1515338657040	addons.manager	DEBUG	Provider finished startup: GMPProvider
1515338657040	addons.manager	DEBUG	Starting provider: PluginProvider
1515338657041	addons.manager	DEBUG	Registering shutdown blocker for PluginProvider
1515338657041	addons.manager	DEBUG	Provider finished startup: PluginProvider
1515338657041	addons.manager	DEBUG	Completed startup sequence
1515338657247	Marionette	INFO	Listening on port 2828
1515338657267	addons.manager	DEBUG	Starting provider: <unnamed-provider>
1515338657268	addons.manager	DEBUG	Registering shutdown blocker for <unnamed-provider>
1515338657268	addons.manager	DEBUG	Provider finished startup: <unnamed-provider>
1515338657286	addons.manager	DEBUG	Starting provider: PreviousExperimentProvider
1515338657286	addons.manager	DEBUG	Registering shutdown blocker for PreviousExperimentProvider
1515338657286	addons.manager	DEBUG	Provider finished startup: PreviousExperimentProvider
1515338657289	DeferredSave.extensions.json	DEBUG	Starting write
1515338657361	DeferredSave.extensions.json	DEBUG	Write succeeded
1515338657361	addons.xpi-utils	DEBUG	XPI Database saved, setting schema version preference to 19
1515338669931	addons.xpi	DEBUG	Calling bootstrap method shutdown on webcompat@mozilla.org version 1.0
1515338669931	addons.xpi	DEBUG	Calling bootstrap method shutdown on firefox@getpocket.com version 1.0.5
1515338669931	addons.xpi	DEBUG	Calling bootstrap method shutdown on e10srollout@mozilla.org version 1.10
1515338669932	addons.xpi	DEBUG	Calling bootstrap method shutdown on aushelper@mozilla.org version 2.0
1515338670088	addons.manager	DEBUG	shutdown
1515338670090	addons.manager	DEBUG	Calling shutdown blocker for XPIProvider
1515338670091	addons.xpi	DEBUG	shutdown
1515338670092	addons.xpi-utils	DEBUG	shutdown
1515338670101	addons.manager	DEBUG	Calling shutdown blocker for LightweightThemeManager
1515338670103	addons.manager	DEBUG	Calling shutdown blocker for GMPProvider
1515338670110	addons.manager	DEBUG	Calling shutdown blocker for PluginProvider
1515338670112	addons.manager	DEBUG	Calling shutdown blocker for <unnamed-provider>
1515338670115	addons.manager	DEBUG	Calling shutdown blocker for PreviousExperimentProvider
1515338670119	addons.xpi	DEBUG	Notifying XPI shutdown observers
1515338670124	addons.manager	DEBUG	Async provider shutdown done
1515338680489	geckodriver	INFO	geckodriver 0.19.1
1515338680492	geckodriver	INFO	Listening on 127.0.0.1:55987
1515338681588	mozrunner::runner	INFO	Running command: "/usr/bin/firefox" "-marionette" "-profile" "/tmp/rust_mozprofile.9G51yTll3LPF"
1515338681736	addons.manager	DEBUG	Application has been upgraded
1515338681826	addons.manager	DEBUG	Loaded provider scope for resource://gre/modules/addons/XPIProvider.jsm: ["XPIProvider"]
1515338681828	addons.manager	DEBUG	Loaded provider scope for resource://gre/modules/LightweightThemeManager.jsm: ["LightweightThemeManager"]
1515338681831	addons.manager	DEBUG	Loaded provider scope for resource://gre/modules/addons/GMPProvider.jsm
1515338681832	addons.manager	DEBUG	Loaded provider scope for resource://gre/modules/addons/PluginProvider.jsm
1515338681833	addons.manager	DEBUG	Starting provider: XPIProvider
1515338681833	addons.xpi	DEBUG	startup
1515338681833	addons.xpi	INFO	SystemAddonInstallLocation directory is missing
1515338681834	addons.xpi	INFO	Mapping aushelper@mozilla.org to /usr/lib64/firefox/browser/features/aushelper@mozilla.org.xpi
1515338681834	addons.xpi	INFO	Mapping e10srollout@mozilla.org to /usr/lib64/firefox/browser/features/e10srollout@mozilla.org.xpi
1515338681834	addons.xpi	INFO	Mapping firefox@getpocket.com to /usr/lib64/firefox/browser/features/firefox@getpocket.com.xpi
1515338681834	addons.xpi	INFO	Mapping webcompat@mozilla.org to /usr/lib64/firefox/browser/features/webcompat@mozilla.org.xpi
1515338681835	addons.xpi	INFO	Mapping {972ce4c6-7e08-4474-a285-3208198ce6fd} to /usr/lib64/firefox/browser/extensions/{972ce4c6-7e08-4474-a285-3208198ce6fd}.xpi
1515338681835	addons.xpi	DEBUG	checkForChanges
1515338681835	addons.xpi	INFO	SystemAddonInstallLocation directory is missing
1515338681836	addons.xpi	DEBUG	Loaded add-on state from prefs: {}
1515338681837	addons.xpi	DEBUG	New add-on aushelper@mozilla.org in app-system-defaults
1515338681837	addons.xpi	DEBUG	getModTime: Recursive scan of aushelper@mozilla.org
1515338681837	addons.xpi	DEBUG	New add-on e10srollout@mozilla.org in app-system-defaults
1515338681838	addons.xpi	DEBUG	getModTime: Recursive scan of e10srollout@mozilla.org
1515338681838	addons.xpi	DEBUG	New add-on firefox@getpocket.com in app-system-defaults
1515338681838	addons.xpi	DEBUG	getModTime: Recursive scan of firefox@getpocket.com
1515338681839	addons.xpi	DEBUG	New add-on webcompat@mozilla.org in app-system-defaults
1515338681839	addons.xpi	DEBUG	getModTime: Recursive scan of webcompat@mozilla.org
1515338681839	addons.xpi	DEBUG	New add-on {972ce4c6-7e08-4474-a285-3208198ce6fd} in app-global
1515338681839	addons.xpi	DEBUG	getModTime: Recursive scan of {972ce4c6-7e08-4474-a285-3208198ce6fd}
1515338681840	addons.xpi	DEBUG	getInstallState changed: true, state: {"app-system-defaults":{"aushelper@mozilla.org":{"d":"/usr/lib64/firefox/browser/features/aushelper@mozilla.org.xpi","st":1512486044000},"e10srollout@mozilla.org":{"d":"/usr/lib64/firefox/browser/features/e10srollout@mozilla.org.xpi","st":1512486044000},"firefox@getpocket.com":{"d":"/usr/lib64/firefox/browser/features/firefox@getpocket.com.xpi","st":1512486044000},"webcompat@mozilla.org":{"d":"/usr/lib64/firefox/browser/features/webcompat@mozilla.org.xpi","st":1512486044000}},"app-global":{"{972ce4c6-7e08-4474-a285-3208198ce6fd}":{"d":"/usr/lib64/firefox/browser/extensions/{972ce4c6-7e08-4474-a285-3208198ce6fd}.xpi","st":1512486044000}}}
1515338681850	addons.xpi-utils	DEBUG	Opening XPI database /tmp/rust_mozprofile.9G51yTll3LPF/extensions.json
1515338681851	addons.xpi-utils	DEBUG	New add-on aushelper@mozilla.org installed in app-system-defaults
*** Blocklist::_loadBlocklistFromFile: blocklist is disabled
1515338681858	DeferredSave.extensions.json	DEBUG	Save changes
1515338681859	addons.xpi-utils	DEBUG	New add-on e10srollout@mozilla.org installed in app-system-defaults
1515338681861	DeferredSave.extensions.json	DEBUG	Starting timer
1515338681862	DeferredSave.extensions.json	DEBUG	Save changes
1515338681862	addons.xpi-utils	DEBUG	New add-on firefox@getpocket.com installed in app-system-defaults
1515338681867	DeferredSave.extensions.json	DEBUG	Save changes
1515338681867	addons.xpi-utils	DEBUG	New add-on webcompat@mozilla.org installed in app-system-defaults
1515338681870	DeferredSave.extensions.json	DEBUG	Save changes
1515338681871	addons.xpi-utils	DEBUG	New add-on {972ce4c6-7e08-4474-a285-3208198ce6fd} installed in app-global
1515338681873	DeferredSave.extensions.json	DEBUG	Save changes
1515338681874	addons.manager	DEBUG	Registering startup change 'installed' for aushelper@mozilla.org
1515338681874	addons.xpi	DEBUG	Loading bootstrap scope from /usr/lib64/firefox/browser/features/aushelper@mozilla.org.xpi
1515338681877	addons.xpi	DEBUG	Calling bootstrap method install on aushelper@mozilla.org version 2.0
1515338681877	addons.xpi-utils	DEBUG	Make addon app-system-defaults:aushelper@mozilla.org visible
1515338681877	DeferredSave.extensions.json	DEBUG	Save changes
1515338681878	addons.manager	DEBUG	Registering startup change 'installed' for e10srollout@mozilla.org
1515338681878	addons.xpi	DEBUG	Loading bootstrap scope from /usr/lib64/firefox/browser/features/e10srollout@mozilla.org.xpi
1515338681879	addons.xpi	DEBUG	Calling bootstrap method install on e10srollout@mozilla.org version 1.10
1515338681880	addons.xpi-utils	DEBUG	Make addon app-system-defaults:e10srollout@mozilla.org visible
1515338681881	DeferredSave.extensions.json	DEBUG	Save changes
1515338681881	addons.manager	DEBUG	Registering startup change 'installed' for firefox@getpocket.com
1515338681882	addons.xpi	DEBUG	Loading bootstrap scope from /usr/lib64/firefox/browser/features/firefox@getpocket.com.xpi
1515338681884	addons.xpi	DEBUG	Calling bootstrap method install on firefox@getpocket.com version 1.0.5
1515338681884	addons.xpi-utils	DEBUG	Make addon app-system-defaults:firefox@getpocket.com visible
1515338681884	DeferredSave.extensions.json	DEBUG	Save changes
1515338681884	addons.manager	DEBUG	Registering startup change 'installed' for webcompat@mozilla.org
1515338681885	addons.xpi	DEBUG	Loading bootstrap scope from /usr/lib64/firefox/browser/features/webcompat@mozilla.org.xpi
1515338681886	addons.xpi	DEBUG	Calling bootstrap method install on webcompat@mozilla.org version 1.0
1515338681886	addons.xpi-utils	DEBUG	Make addon app-system-defaults:webcompat@mozilla.org visible
1515338681886	DeferredSave.extensions.json	DEBUG	Save changes
1515338681887	addons.xpi-utils	DEBUG	Make addon app-global:{972ce4c6-7e08-4474-a285-3208198ce6fd} visible
1515338681887	DeferredSave.extensions.json	DEBUG	Save changes
1515338681887	addons.xpi	DEBUG	Updating XPIState for {"id":"aushelper@mozilla.org","syncGUID":"{c54c1ed3-558a-4e0e-bbdf-7c3cef8b7062}","location":"app-system-defaults","version":"2.0","type":"extension","internalName":null,"updateURL":null,"updateKey":null,"optionsURL":null,"optionsType":null,"aboutURL":null,"icons":{},"iconURL":null,"icon64URL":null,"defaultLocale":{"name":"Application Update Service Helper","description":"Sets value(s) in the update url based on custom checks.","creator":null,"homepageURL":null},"visible":true,"active":true,"userDisabled":false,"appDisabled":false,"descriptor":"/usr/lib64/firefox/browser/features/aushelper@mozilla.org.xpi","installDate":1512486044000,"updateDate":1512486044000,"applyBackgroundUpdates":1,"bootstrap":true,"skinnable":false,"size":8488,"sourceURI":null,"releaseNotesURI":null,"softDisabled":false,"foreignInstall":false,"hasBinaryComponents":false,"strictCompatibility":false,"locales":[],"targetApplications":[{"id":"{ec8030f7-c20a-464f-9b0e-13a3a9e97384}","minVersion":"52.5.1","maxVersion":"52.*"}],"targetPlatforms":[],"multiprocessCompatible":true,"seen":true,"dependencies":[],"hasEmbeddedWebExtension":false,"mpcOptedOut":false}
1515338681887	addons.xpi	DEBUG	getModTime: Recursive scan of aushelper@mozilla.org
1515338681888	addons.xpi	DEBUG	Updating XPIState for {"id":"e10srollout@mozilla.org","syncGUID":"{4057648c-286e-4088-b665-992558433836}","location":"app-system-defaults","version":"1.10","type":"extension","internalName":null,"updateURL":null,"updateKey":null,"optionsURL":null,"optionsType":null,"aboutURL":null,"icons":{},"iconURL":null,"icon64URL":null,"defaultLocale":{"name":"Multi-process staged rollout","description":"Staged rollout of Firefox multi-process feature.","creator":null,"homepageURL":null},"visible":true,"active":true,"userDisabled":false,"appDisabled":false,"descriptor":"/usr/lib64/firefox/browser/features/e10srollout@mozilla.org.xpi","installDate":1512486044000,"updateDate":1512486044000,"applyBackgroundUpdates":1,"bootstrap":true,"skinnable":false,"size":8145,"sourceURI":null,"releaseNotesURI":null,"softDisabled":false,"foreignInstall":false,"hasBinaryComponents":false,"strictCompatibility":false,"locales":[],"targetApplications":[{"id":"{ec8030f7-c20a-464f-9b0e-13a3a9e97384}","minVersion":"52.5.1","maxVersion":"52.*"}],"targetPlatforms":[],"multiprocessCompatible":true,"seen":true,"dependencies":[],"hasEmbeddedWebExtension":false,"mpcOptedOut":false}
1515338681888	addons.xpi	DEBUG	getModTime: Recursive scan of e10srollout@mozilla.org
1515338681889	addons.xpi	DEBUG	Updating XPIState for {"id":"firefox@getpocket.com","syncGUID":"{b6c3f5e0-5e9c-44b6-8603-d7121f04d101}","location":"app-system-defaults","version":"1.0.5","type":"extension","internalName":null,"updateURL":null,"updateKey":null,"optionsURL":null,"optionsType":null,"aboutURL":null,"icons":{},"iconURL":null,"icon64URL":null,"defaultLocale":{"name":"Pocket","description":"When you find something you want to view later, put it in Pocket.","creator":null,"homepageURL":null},"visible":true,"active":true,"userDisabled":false,"appDisabled":false,"descriptor":"/usr/lib64/firefox/browser/features/firefox@getpocket.com.xpi","installDate":1512486044000,"updateDate":1512486044000,"applyBackgroundUpdates":1,"bootstrap":true,"skinnable":false,"size":920281,"sourceURI":null,"releaseNotesURI":null,"softDisabled":false,"foreignInstall":false,"hasBinaryComponents":false,"strictCompatibility":false,"locales":[],"targetApplications":[{"id":"{ec8030f7-c20a-464f-9b0e-13a3a9e97384}","minVersion":"52.5.1","maxVersion":"52.*"}],"targetPlatforms":[],"multiprocessCompatible":true,"seen":true,"dependencies":[],"hasEmbeddedWebExtension":false,"mpcOptedOut":false}
1515338681889	addons.xpi	DEBUG	getModTime: Recursive scan of firefox@getpocket.com
1515338681890	addons.xpi	DEBUG	Updating XPIState for {"id":"webcompat@mozilla.org","syncGUID":"{56d0e89d-2dc3-4235-bb11-560823172aab}","location":"app-system-defaults","version":"1.0","type":"extension","internalName":null,"updateURL":null,"updateKey":null,"optionsURL":null,"optionsType":null,"aboutURL":null,"icons":{},"iconURL":null,"icon64URL":null,"defaultLocale":{"name":"Web Compat","description":"Urgent post-release fixes for web compatibility.","creator":null,"homepageURL":null},"visible":true,"active":true,"userDisabled":false,"appDisabled":false,"descriptor":"/usr/lib64/firefox/browser/features/webcompat@mozilla.org.xpi","installDate":1512486044000,"updateDate":1512486044000,"applyBackgroundUpdates":1,"bootstrap":true,"skinnable":false,"size":1456,"sourceURI":null,"releaseNotesURI":null,"softDisabled":false,"foreignInstall":false,"hasBinaryComponents":false,"strictCompatibility":false,"locales":[],"targetApplications":[{"id":"{ec8030f7-c20a-464f-9b0e-13a3a9e97384}","minVersion":"52.5.1","maxVersion":"52.*"}],"targetPlatforms":[],"multiprocessCompatible":true,"seen":true,"dependencies":[],"hasEmbeddedWebExtension":false,"mpcOptedOut":false}
1515338681890	addons.xpi	DEBUG	getModTime: Recursive scan of webcompat@mozilla.org
1515338681891	addons.xpi	DEBUG	Updating XPIState for {"id":"{972ce4c6-7e08-4474-a285-3208198ce6fd}","syncGUID":"{b63b3f10-4223-4534-8566-4794db90ebd8}","location":"app-global","version":"52.5.1","type":"theme","internalName":"classic/1.0","updateURL":null,"updateKey":null,"optionsURL":null,"optionsType":null,"aboutURL":null,"icons":{"32":"icon.png","48":"icon.png"},"iconURL":null,"icon64URL":null,"defaultLocale":{"name":"Default","description":"The default theme.","creator":"Mozilla","homepageURL":null,"contributors":["Mozilla Contributors"]},"visible":true,"active":true,"userDisabled":false,"appDisabled":false,"descriptor":"/usr/lib64/firefox/browser/extensions/{972ce4c6-7e08-4474-a285-3208198ce6fd}.xpi","installDate":1512486044000,"updateDate":1512486044000,"applyBackgroundUpdates":1,"skinnable":true,"size":4932,"sourceURI":null,"releaseNotesURI":null,"softDisabled":false,"foreignInstall":false,"hasBinaryComponents":false,"strictCompatibility":true,"locales":[],"targetApplications":[{"id":"{ec8030f7-c20a-464f-9b0e-13a3a9e97384}","minVersion":"52.5.1","maxVersion":"52.5.1"}],"targetPlatforms":[],"seen":true,"dependencies":[],"hasEmbeddedWebExtension":false}
1515338681891	addons.xpi	DEBUG	getModTime: Recursive scan of {972ce4c6-7e08-4474-a285-3208198ce6fd}
1515338681892	DeferredSave.extensions.json	DEBUG	Save changes
1515338681893	addons.xpi	DEBUG	Updating database with changes to installed add-ons
1515338681893	addons.xpi-utils	DEBUG	Updating add-on states
1515338681894	addons.xpi-utils	DEBUG	Writing add-ons list
1515338681895	addons.xpi	DEBUG	Registering manifest for /usr/lib64/firefox/browser/features/aushelper@mozilla.org.xpi
1515338681896	addons.xpi	DEBUG	Calling bootstrap method startup on aushelper@mozilla.org version 2.0
1515338681896	addons.xpi	DEBUG	Registering manifest for /usr/lib64/firefox/browser/features/e10srollout@mozilla.org.xpi
1515338681897	addons.xpi	DEBUG	Calling bootstrap method startup on e10srollout@mozilla.org version 1.10
1515338681897	addons.xpi	DEBUG	Registering manifest for /usr/lib64/firefox/browser/features/firefox@getpocket.com.xpi
1515338681897	addons.xpi	DEBUG	Calling bootstrap method startup on firefox@getpocket.com version 1.0.5
1515338681899	addons.xpi	DEBUG	Registering manifest for /usr/lib64/firefox/browser/features/webcompat@mozilla.org.xpi
1515338681900	addons.xpi	DEBUG	Calling bootstrap method startup on webcompat@mozilla.org version 1.0
1515338681902	addons.manager	DEBUG	Registering shutdown blocker for XPIProvider
1515338681902	addons.manager	DEBUG	Provider finished startup: XPIProvider
1515338681902	addons.manager	DEBUG	Starting provider: LightweightThemeManager
1515338681902	addons.manager	DEBUG	Registering shutdown blocker for LightweightThemeManager
1515338681902	addons.manager	DEBUG	Provider finished startup: LightweightThemeManager
1515338681902	addons.manager	DEBUG	Starting provider: GMPProvider
1515338681907	addons.manager	DEBUG	Registering shutdown blocker for GMPProvider
1515338681908	addons.manager	DEBUG	Provider finished startup: GMPProvider
1515338681908	addons.manager	DEBUG	Starting provider: PluginProvider
1515338681908	addons.manager	DEBUG	Registering shutdown blocker for PluginProvider
1515338681908	addons.manager	DEBUG	Provider finished startup: PluginProvider
1515338681908	addons.manager	DEBUG	Completed startup sequence
1515338682107	Marionette	INFO	Listening on port 2828
1515338682132	addons.manager	DEBUG	Starting provider: <unnamed-provider>
1515338682133	addons.manager	DEBUG	Registering shutdown blocker for <unnamed-provider>
1515338682133	addons.manager	DEBUG	Provider finished startup: <unnamed-provider>
1515338682146	addons.manager	DEBUG	Starting provider: PreviousExperimentProvider
1515338682147	addons.manager	DEBUG	Registering shutdown blocker for PreviousExperimentProvider
1515338682147	addons.manager	DEBUG	Provider finished startup: PreviousExperimentProvider
1515338682149	DeferredSave.extensions.json	DEBUG	Starting write
1515338682226	DeferredSave.extensions.json	DEBUG	Write succeeded
1515338682226	addons.xpi-utils	DEBUG	XPI Database saved, setting schema version preference to 19
1515338705377	addons.xpi	DEBUG	Calling bootstrap method shutdown on webcompat@mozilla.org version 1.0
1515338705378	addons.xpi	DEBUG	Calling bootstrap method shutdown on firefox@getpocket.com version 1.0.5
1515338705378	addons.xpi	DEBUG	Calling bootstrap method shutdown on e10srollout@mozilla.org version 1.10
1515338705379	addons.xpi	DEBUG	Calling bootstrap method shutdown on aushelper@mozilla.org version 2.0
1515338705549	addons.manager	DEBUG	shutdown
1515338705550	addons.manager	DEBUG	Calling shutdown blocker for XPIProvider
1515338705550	addons.xpi	DEBUG	shutdown
1515338705550	addons.xpi-utils	DEBUG	shutdown
1515338705551	addons.manager	DEBUG	Calling shutdown blocker for LightweightThemeManager
1515338705552	addons.manager	DEBUG	Calling shutdown blocker for GMPProvider
1515338705555	addons.manager	DEBUG	Calling shutdown blocker for PluginProvider
1515338705555	addons.manager	DEBUG	Calling shutdown blocker for <unnamed-provider>
1515338705558	addons.manager	DEBUG	Calling shutdown blocker for PreviousExperimentProvider
1515338705561	addons.xpi	DEBUG	Notifying XPI shutdown observers
1515338705566	addons.manager	DEBUG	Async provider shutdown done
